This is pdfTeX, Version 3.141592653-2.6-1.40.29 (MiKTeX 26.2) (preloaded format=pdflatex 2026.3.20)  21 MAR 2026 19:31
entering extended mode
 restricted \write18 enabled.
 file:line:error style messages enabled.
 %&-line parsing enabled.
**c:/Users/julio/Desktop/Mosel/HitosSAII/Hito1/main.tex
(c:/Users/julio/Desktop/Mosel/HitosSAII/Hito1/main.tex
LaTeX2e <2025-11-01>
L3 programming layer <2026-01-19>
(C:\Users\julio\AppData\Local\Programs\MiKTeX\tex/latex/base\article.cls
Document Class: article 2025/01/22 v1.4n Standard LaTeX document class
(C:\Users\julio\AppData\Local\Programs\MiKTeX\tex/latex/base\size12.clo
File: size12.clo 2025/01/22 v1.4n Standard LaTeX file (size option)
)
\c@part=\count275
\c@section=\count276
\c@subsection=\count277
\c@subsubsection=\count278
\c@paragraph=\count279
\c@subparagraph=\count280
\c@figure=\count281
\c@table=\count282
\abovecaptionskip=\skip49
\belowcaptionskip=\skip50
\bibindent=\dimen148
) (C:\Users\julio\AppData\Local\Programs\MiKTeX\tex/latex/base\inputenc.sty
Package: inputenc 2024/02/08 v1.3d Input encoding file
\inpenc@prehook=\toks17
\inpenc@posthook=\toks18
) (C:\Users\julio\AppData\Local\Programs\MiKTeX\tex/generic/babel\babel.sty
Package: babel 2026/03/08 v26.4 The multilingual framework for LuaLaTeX, pdfLaTeX and XeLaTeX
\babel@savecnt=\count283
LaTeX Encoding Info:    Redeclaring text command \ij (encoding OT1) on input line 2078.
LaTeX Encoding Info:    Redeclaring text command \IJ (encoding OT1) on input line 2080.
LaTeX Encoding Info:    Redeclaring text command \ij (encoding T1) on input line 2082.
LaTeX Encoding Info:    Redeclaring text command \IJ (encoding T1) on input line 2083.
LaTeX Encoding Info:    Ignoring declaration for text command \ij (encoding ?) on input line 2084.
LaTeX Encoding Info:    Ignoring declaration for text command \IJ (encoding ?) on input line 2086.
LaTeX Encoding Info:    Ignoring declaration for text command \SS (encoding ?) on input line 2111.
\U@D=\dimen149
\l@unhyphenated=\language79
 (C:\Users\julio\AppData\Local\Programs\MiKTeX\tex/generic/babel\txtbabel.def)
\bbl@readstream=\read2
\bbl@dirlevel=\count284
Package babel Info: Configuration files are deprecated, as
(babel)             they can break document portability.
(babel)             Reported on input line 4206.

*************************************
* Local config file bblopts.cfg used
*
(C:\Users\julio\AppData\Local\Programs\MiKTeX\tex/latex/arabi\bblopts.cfg
File: bblopts.cfg 2005/09/08 v0.1 add Arabic and Farsi to "declared" options of babel
) (C:\Users\julio\AppData\Local\Programs\MiKTeX\tex/generic/babel/locale/es\babel-spanish.tex)
Package babel Info: Importing font and identification data for spanish
(babel)             from babel-es.ini. Reported on input line 4330.
 (C:\Users\julio\AppData\Local\Programs\MiKTeX\tex/latex/babel-spanish\spanish.ldf
Language: spanish.ldf 2021/05/27 v5.0q Spanish support from the babel system
\es@quottoks=\toks19
\es@quotdepth=\count285
Package babel Info: Making " an active character on input line 570.
Package babel Info: Making . an active character on input line 675.
Package babel Info: Making < an active character on input line 722.
Package babel Info: Making > an active character on input line 722.
))
LaTeX Encoding Info:    Redeclaring text command \guillemotleft (encoding OT1) on input line 6.
LaTeX Encoding Info:    Redeclaring text command \guillemotright (encoding OT1) on input line 6.
 (C:\Users\julio\AppData\Local\Programs\MiKTeX\tex/latex/geometry\geometry.sty
Package: geometry 2026/03/07 v6.0 Page Geometry
 (C:\Users\julio\AppData\Local\Programs\MiKTeX\tex/latex/graphics\keyval.sty
Package: keyval 2022/05/29 v1.15 key=value parser (DPC)
\KV@toks@=\toks20
) (C:\Users\julio\AppData\Local\Programs\MiKTeX\tex/generic/iftex\ifvtex.sty
Package: ifvtex 2019/10/25 v1.7 ifvtex legacy package. Use iftex instead.
 (C:\Users\julio\AppData\Local\Programs\MiKTeX\tex/generic/iftex\iftex.sty
Package: iftex 2024/12/12 v1.0g TeX engine tests
))
\Gm@cnth=\count286
\Gm@cntv=\count287
\c@Gm@tempcnt=\count288
\Gm@bindingoffset=\dimen150
\Gm@wd@mp=\dimen151
\Gm@odd@mp=\dimen152
\Gm@even@mp=\dimen153
\Gm@layoutwidth=\dimen154
\Gm@layoutheight=\dimen155
\Gm@layouthoffset=\dimen156
\Gm@layoutvoffset=\dimen157
\Gm@dimlist=\toks21
 (C:\Users\julio\AppData\Local\Programs\MiKTeX\tex/latex/geometry\geometry.cfg)) (C:\Users\julio\AppData\Local\Programs\MiKTeX\tex/latex/graphics\graphicx.sty
Package: graphicx 2024/12/31 v1.2e Enhanced LaTeX Graphics (DPC,SPQR)
 (C:\Users\julio\AppData\Local\Programs\MiKTeX\tex/latex/graphics\graphics.sty
Package: graphics 2024/08/06 v1.4g Standard LaTeX Graphics (DPC,SPQR)
 (C:\Users\julio\AppData\Local\Programs\MiKTeX\tex/latex/graphics\trig.sty
Package: trig 2023/12/02 v1.11 sin cos tan (DPC)
) (C:\Users\julio\AppData\Local\Programs\MiKTeX\tex/latex/graphics-cfg\graphics.cfg
File: graphics.cfg 2016/06/04 v1.11 sample graphics configuration
)
Package graphics Info: Driver file: pdftex.def on input line 106.
 (C:\Users\julio\AppData\Local\Programs\MiKTeX\tex/latex/graphics-def\pdftex.def
File: pdftex.def 2025/09/29 v1.2d Graphics/color driver for pdftex
))
\Gin@req@height=\dimen158
\Gin@req@width=\dimen159
) (C:\Users\julio\AppData\Local\Programs\MiKTeX\tex/latex/float\float.sty
Package: float 2001/11/08 v1.3d Float enhancements (AL)
\c@float@type=\count289
\float@exts=\toks22
\float@box=\box53
\@float@everytoks=\toks23
\@floatcapt=\box54
) (C:\Users\julio\AppData\Local\Programs\MiKTeX\tex/latex/enumitem\enumitem.sty
Package: enumitem 2025/02/06 v3.11 Customized lists
\labelindent=\skip51
\enit@outerparindent=\dimen160
\enit@toks=\toks24
\enit@inbox=\box55
\enit@count@id=\count290
\enitdp@description=\count291
) (C:\Users\julio\AppData\Local\Programs\MiKTeX\tex/latex/hyperref\hyperref.sty
Package: hyperref 2026-01-29 v7.01p Hypertext links for LaTeX
 (C:\Users\julio\AppData\Local\Programs\MiKTeX\tex/latex/kvsetkeys\kvsetkeys.sty
Package: kvsetkeys 2022-10-05 v1.19 Key value parser (HO)
) (C:\Users\julio\AppData\Local\Programs\MiKTeX\tex/generic/kvdefinekeys\kvdefinekeys.sty
Package: kvdefinekeys 2019-12-19 v1.6 Define keys (HO)
) (C:\Users\julio\AppData\Local\Programs\MiKTeX\tex/generic/pdfescape\pdfescape.sty
Package: pdfescape 2019/12/09 v1.15 Implements pdfTeX's escape features (HO)
 (C:\Users\julio\AppData\Local\Programs\MiKTeX\tex/generic/ltxcmds\ltxcmds.sty
Package: ltxcmds 2023-12-04 v1.26 LaTeX kernel commands for general use (HO)
) (C:\Users\julio\AppData\Local\Programs\MiKTeX\tex/generic/pdftexcmds\pdftexcmds.sty
Package: pdftexcmds 2020-06-27 v0.33 Utility functions of pdfTeX for LuaTeX (HO)
 (C:\Users\julio\AppData\Local\Programs\MiKTeX\tex/generic/infwarerr\infwarerr.sty
Package: infwarerr 2019/12/03 v1.5 Providing info/warning/error messages (HO)
)
Package pdftexcmds Info: \pdf@primitive is available.
Package pdftexcmds Info: \pdf@ifprimitive is available.
Package pdftexcmds Info: \pdfdraftmode found.
)) (C:\Users\julio\AppData\Local\Programs\MiKTeX\tex/latex/hycolor\hycolor.sty
Package: hycolor 2020-01-27 v1.10 Color options for hyperref/bookmark (HO)
) (C:\Users\julio\AppData\Local\Programs\MiKTeX\tex/latex/hyperref\nameref.sty
Package: nameref 2026-01-29 v2.58 Cross-referencing by name of section
 (C:\Users\julio\AppData\Local\Programs\MiKTeX\tex/latex/refcount\refcount.sty
Package: refcount 2019/12/15 v3.6 Data extraction from label references (HO)
) (C:\Users\julio\AppData\Local\Programs\MiKTeX\tex/generic/gettitlestring\gettitlestring.sty
Package: gettitlestring 2019/12/15 v1.6 Cleanup title references (HO)
 (C:\Users\julio\AppData\Local\Programs\MiKTeX\tex/latex/kvoptions\kvoptions.sty
Package: kvoptions 2022-06-15 v3.15 Key value format for package options (HO)
))
\c@section@level=\count292
) (C:\Users\julio\AppData\Local\Programs\MiKTeX\tex/latex/etoolbox\etoolbox.sty
Package: etoolbox 2025/10/02 v2.5m e-TeX tools for LaTeX (JAW)
\etb@tempcnta=\count293
) (C:\Users\julio\AppData\Local\Programs\MiKTeX\tex/generic/stringenc\stringenc.sty
Package: stringenc 2019/11/29 v1.12 Convert strings between diff. encodings (HO)
)
\@linkdim=\dimen161
\Hy@linkcounter=\count294
\Hy@pagecounter=\count295
 (C:\Users\julio\AppData\Local\Programs\MiKTeX\tex/latex/hyperref\pd1enc.def
File: pd1enc.def 2026-01-29 v7.01p Hyperref: PDFDocEncoding definition (HO)
Now handling font encoding PD1 ...
... no UTF-8 mapping file for font encoding PD1
) (C:\Users\julio\AppData\Local\Programs\MiKTeX\tex/generic/intcalc\intcalc.sty
Package: intcalc 2019/12/15 v1.3 Expandable calculations with integers (HO)
)
\Hy@SavedSpaceFactor=\count296
 (C:\Users\julio\AppData\Local\Programs\MiKTeX\tex/latex/hyperref\puenc.def
File: puenc.def 2026-01-29 v7.01p Hyperref: PDF Unicode definition (HO)
Now handling font encoding PU ...
... no UTF-8 mapping file for font encoding PU
)
Package hyperref Info: Hyper figures OFF on input line 4201.
Package hyperref Info: Link nesting OFF on input line 4206.
Package hyperref Info: Hyper index ON on input line 4209.
Package hyperref Info: Plain pages OFF on input line 4216.
Package hyperref Info: Backreferencing OFF on input line 4221.
Package hyperref Info: Implicit mode ON; LaTeX internals redefined.
Package hyperref Info: Bookmarks ON on input line 4468.
\c@Hy@tempcnt=\count297
 (C:\Users\julio\AppData\Local\Programs\MiKTeX\tex/latex/url\url.sty
\Urlmuskip=\muskip17
Package: url 2013/09/16  ver 3.4  Verb mode for urls, etc.
)
LaTeX Info: Redefining \url on input line 4807.
\XeTeXLinkMargin=\dimen162
 (C:\Users\julio\AppData\Local\Programs\MiKTeX\tex/generic/bitset\bitset.sty
Package: bitset 2019/12/09 v1.3 Handle bit-vector datatype (HO)
 (C:\Users\julio\AppData\Local\Programs\MiKTeX\tex/generic/bigintcalc\bigintcalc.sty
Package: bigintcalc 2019/12/15 v1.5 Expandable calculations on big integers (HO)
))
\Fld@menulength=\count298
\Field@Width=\dimen163
\Fld@charsize=\dimen164
Package hyperref Info: Hyper figures OFF on input line 6084.
Package hyperref Info: Link nesting OFF on input line 6089.
Package hyperref Info: Hyper index ON on input line 6092.
Package hyperref Info: backreferencing OFF on input line 6099.
Package hyperref Info: Link coloring OFF on input line 6104.
Package hyperref Info: Link coloring with OCG OFF on input line 6109.
Package hyperref Info: PDF/A mode OFF on input line 6114.
\Hy@abspage=\count299
\c@Item=\count300
\c@Hfootnote=\count301
)
Package hyperref Info: Driver (autodetected): hpdftex.
 (C:\Users\julio\AppData\Local\Programs\MiKTeX\tex/latex/hyperref\hpdftex.def
File: hpdftex.def 2026-01-29 v7.01p Hyperref driver for pdfTeX
\Fld@listcount=\count302
\c@bookmark@seq@number=\count303
 (C:\Users\julio\AppData\Local\Programs\MiKTeX\tex/latex/rerunfilecheck\rerunfilecheck.sty
Package: rerunfilecheck 2025-06-21 v1.11 Rerun checks for auxiliary files (HO)
 (C:\Users\julio\AppData\Local\Programs\MiKTeX\tex/generic/uniquecounter\uniquecounter.sty
Package: uniquecounter 2019/12/15 v1.4 Provide unlimited unique counter (HO)
)
Package uniquecounter Info: New unique counter `rerunfilecheck' on input line 284.
)
\Hy@SectionHShift=\skip52
) (C:\Users\julio\AppData\Local\Programs\MiKTeX\tex/latex/xcolor\xcolor.sty
Package: xcolor 2024/09/29 v3.02 LaTeX color extensions (UK)
 (C:\Users\julio\AppData\Local\Programs\MiKTeX\tex/latex/graphics-cfg\color.cfg
File: color.cfg 2016/01/02 v1.6 sample color configuration
)
Package xcolor Info: Driver file: pdftex.def on input line 274.
 (C:\Users\julio\AppData\Local\Programs\MiKTeX\tex/latex/graphics\mathcolor.ltx)
Package xcolor Info: Model `cmy' substituted by `cmy0' on input line 1349.
Package xcolor Info: Model `hsb' substituted by `rgb' on input line 1353.
Package xcolor Info: Model `RGB' extended on input line 1365.
Package xcolor Info: Model `HTML' substituted by `rgb' on input line 1367.
Package xcolor Info: Model `Hsb' substituted by `hsb' on input line 1368.
Package xcolor Info: Model `tHsb' substituted by `hsb' on input line 1369.
Package xcolor Info: Model `HSB' substituted by `hsb' on input line 1370.
Package xcolor Info: Model `Gray' substituted by `gray' on input line 1371.
Package xcolor Info: Model `wave' substituted by `hsb' on input line 1372.
) (C:\Users\julio\AppData\Local\Programs\MiKTeX\tex/latex/listings\listings.sty
\lst@mode=\count304
\lst@gtempboxa=\box56
\lst@token=\toks25
\lst@length=\count305
\lst@currlwidth=\dimen165
\lst@column=\count306
\lst@pos=\count307
\lst@lostspace=\dimen166
\lst@width=\dimen167
\lst@newlines=\count308
\lst@lineno=\count309
\lst@maxwidth=\dimen168
 (C:\Users\julio\AppData\Local\Programs\MiKTeX\tex/latex/listings\lstpatch.sty
File: lstpatch.sty 2025/11/14 1.11b (Carsten Heinz)
) (C:\Users\julio\AppData\Local\Programs\MiKTeX\tex/latex/listings\lstmisc.sty
File: lstmisc.sty 2025/11/14 1.11b (Carsten Heinz)
\c@lstnumber=\count310
\lst@skipnumbers=\count311
\lst@framebox=\box57
) (C:\Users\julio\AppData\Local\Programs\MiKTeX\tex/latex/listings\listings.cfg
File: listings.cfg 2025/11/14 1.11b listings configuration
))
Package: listings 2025/11/14 1.11b (Carsten Heinz)

==> First Aid for listings.sty no longer applied!
    Expected:
        2024/09/23 1.10c (Carsten Heinz)
    but found:
        2025/11/14 1.11b (Carsten Heinz)
    so I'm assuming it got fixed.
(C:\Users\julio\AppData\Local\Programs\MiKTeX\tex/latex/listings\lstlang1.sty
File: lstlang1.sty 2025/11/14 1.11b listings language file
) (C:\Users\julio\AppData\Local\Programs\MiKTeX\tex/latex/l3backend\l3backend-pdftex.def
File: l3backend-pdftex.def 2025-10-09 L3 backend support: PDF output (pdfTeX)
\l__color_backend_stack_int=\count312
) (main.aux
LaTeX Info: Redefining \. on input line 11.
LaTeX Info: Redefining \% on input line 11.
Package babel Info: 'spanish' activates 'spanish' shorthands.
(babel)             Reported on input line 11.
)
\openout1 = `main.aux'.

LaTeX Font Info:    Checking defaults for OML/cmm/m/it on input line 47.
LaTeX Font Info:    ... okay on input line 47.
LaTeX Font Info:    Checking defaults for OMS/cmsy/m/n on input line 47.
LaTeX Font Info:    ... okay on input line 47.
LaTeX Font Info:    Checking defaults for OT1/cmr/m/n on input line 47.
LaTeX Font Info:    ... okay on input line 47.
LaTeX Font Info:    Checking defaults for T1/cmr/m/n on input line 47.
LaTeX Font Info:    ... okay on input line 47.
LaTeX Font Info:    Checking defaults for TS1/cmr/m/n on input line 47.
LaTeX Font Info:    ... okay on input line 47.
LaTeX Font Info:    Checking defaults for OMX/cmex/m/n on input line 47.
LaTeX Font Info:    ... okay on input line 47.
LaTeX Font Info:    Checking defaults for U/cmr/m/n on input line 47.
LaTeX Font Info:    ... okay on input line 47.
LaTeX Font Info:    Checking defaults for PD1/pdf/m/n on input line 47.
LaTeX Font Info:    ... okay on input line 47.
LaTeX Font Info:    Checking defaults for PU/pdf/m/n on input line 47.
LaTeX Font Info:    ... okay on input line 47.
LaTeX Info: Redefining \. on input line 47.
LaTeX Info: Redefining \% on input line 47.

*geometry* driver: auto-detecting
*geometry* detected driver: pdftex
*geometry* verbose mode - [ preamble ] result:
* driver: pdftex
* paper: a4paper
* layout: <same size as paper>
* layoutoffset:(h,v)=(0.0pt,0.0pt)
* modes: 
* h-part:(L,W,R)=(71.13188pt, 455.24411pt, 71.13188pt)
* v-part:(T,H,B)=(71.13188pt, 702.78308pt, 71.13188pt)
* \paperwidth=597.50787pt
* \paperheight=845.04684pt
* \textwidth=455.24411pt
* \textheight=702.78308pt
* \oddsidemargin=-1.1381pt
* \evensidemargin=-1.1381pt
* \topmargin=-38.1381pt
* \headheight=12.0pt
* \headsep=25.0pt
* \topskip=12.0pt
* \footskip=30.0pt
* \marginparwidth=35.0pt
* \marginparsep=10.0pt
* \columnsep=10.0pt
* \skip\footins=10.8pt plus 4.0pt minus 2.0pt
* \hoffset=0.0pt
* \voffset=0.0pt
* \mag=1000
* \@twocolumnfalse
* \@twosidefalse
* \@mparswitchfalse
* \@reversemarginfalse
* (1in=72.27pt=25.4mm, 1cm=28.453pt)

(C:\Users\julio\AppData\Local\Programs\MiKTeX\tex/context/base/mkii\supp-pdf.mkii
[Loading MPS to PDF converter (version 2006.09.02).]
\scratchcounter=\count313
\scratchdimen=\dimen169
\scratchbox=\box58
\nofMPsegments=\count314
\nofMParguments=\count315
\everyMPshowfont=\toks26
\MPscratchCnt=\count316
\MPscratchDim=\dimen170
\MPnumerator=\count317
\makeMPintoPDFobject=\count318
\everyMPtoPDFconversion=\toks27
) (C:\Users\julio\AppData\Local\Programs\MiKTeX\tex/latex/epstopdf-pkg\epstopdf-base.sty
Package: epstopdf-base 2020-01-24 v2.11 Base part for package epstopdf
Package epstopdf-base Info: Redefining graphics rule for `.eps' on input line 485.
 (C:\Users\julio\AppData\Local\Programs\MiKTeX\tex/latex/00miktex\epstopdf-sys.cfg
File: epstopdf-sys.cfg 2021/03/18 v2.0 Configuration of epstopdf for MiKTeX
))
Package hyperref Info: Link coloring OFF on input line 47.
 (main.out) (main.out)
\@outlinefile=\write3
\openout3 = `main.out'.

\c@lstlisting=\count319
 [1

{C:/Users/julio/AppData/Local/MiKTeX/fonts/map/pdftex/pdftex.map}] (main.toc
LaTeX Info: Redefining \. on input line 1.
LaTeX Info: Redefining \% on input line 1.
LaTeX Font Info:    External font `cmex10' loaded for size
(Font)              <12> on input line 4.
LaTeX Font Info:    External font `cmex10' loaded for size
(Font)              <8> on input line 4.
LaTeX Font Info:    External font `cmex10' loaded for size
(Font)              <6> on input line 4.

pdfTeX warning (ext4): destination with the same identifier (name{page.1}) has been already used, duplicate ignored
<to be read again> 
                   \relax 
l.26 ...atos\_Historicos}{20}{subsubsection.5.1.5}
                                                  % [1])
\tf@toc=\write4
\openout4 = `main.toc'.

 [2]
Overfull \hbox (13.55492pt too wide) in paragraph at lines 109--110
[]\OT1/cmr/m/n/12 Prediccion[]AEMET($[]$, pro-vin-cia, tem-pe-ra-tu-ra[]minima, tem-pe-ra-tu-ra[]maxima,
 []

[3]
Overfull \hbox (3.9177pt too wide) in paragraph at lines 137--137
[]\OT1/cmr/m/n/12 poblacion[]munipio| 
 []


Overfull \hbox (19.84749pt too wide) in paragraph at lines 131--142
 [] 
 []

[4]
Overfull \hbox (19.84749pt too wide) in paragraph at lines 148--157
 [] 
 []


Underfull \hbox (badness 2065) in paragraph at lines 171--172
[]\OT1/cmr/m/n/12 Predicci^^Son de tem-pe-ra-tu-ra m^^S^^Pni-ma pa-ra
 []


Underfull \hbox (badness 1472) in paragraph at lines 172--173
[]\OT1/cmr/m/n/12 Predicci^^Son de tem-pe-ra-tu-ra m^^Saxi-ma pa-ra
 []


Overfull \hbox (19.84749pt too wide) in paragraph at lines 162--175
 [] 
 []


Underfull \hbox (badness 2065) in paragraph at lines 186--187
[]\OT1/cmr/m/n/12 Predicci^^Son de tem-pe-ra-tu-ra m^^S^^Pni-ma pa-ra
 []


Underfull \hbox (badness 1472) in paragraph at lines 187--188
[]\OT1/cmr/m/n/12 Predicci^^Son de tem-pe-ra-tu-ra m^^Saxi-ma pa-ra
 []


Overfull \hbox (19.84749pt too wide) in paragraph at lines 180--192
 [] 
 []

[5]
Overfull \hbox (19.84749pt too wide) in paragraph at lines 198--211
 [] 
 []


Overfull \hbox (19.84749pt too wide) in paragraph at lines 215--224
 [] 
 []

<DiagramaSAII.png, id=202, 575.751pt x 333.6465pt>
File: DiagramaSAII.png Graphic file (type png)
<use DiagramaSAII.png>
Package pdftex.def Info: DiagramaSAII.png  used on input line 232.
(pdftex.def)             Requested size: 455.24411pt x 263.8222pt.
[6]
Overfull \hbox (3.9177pt too wide) in paragraph at lines 253--253
[]\OT1/cmr/m/n/12 poblacion[]munipio| 
 []


Overfull \hbox (19.85443pt too wide) in paragraph at lines 247--258
 [] 
 []

[7 <./DiagramaSAII.png (PNG copy)>]
Overfull \hbox (19.85443pt too wide) in paragraph at lines 264--273
 [] 
 []


Overfull \hbox (19.85443pt too wide) in paragraph at lines 279--292
 [] 
 []


Overfull \hbox (19.85443pt too wide) in paragraph at lines 298--310
 [] 
 []

[8]
Overfull \hbox (19.84749pt too wide) in paragraph at lines 316--329
 [] 
 []


Overfull \hbox (19.84749pt too wide) in paragraph at lines 333--342
 [] 
 []

Package hyperref Info: bookmark level for unknown lstlisting defaults to 0 on input line 350.
[9] [10]
Overfull \hbox (3.34415pt too wide) in paragraph at lines 427--427
[]\OT1/cmr/m/n/12 Comunidad[]Autonoma| 
 []

[11]
Underfull \hbox (badness 2443) in paragraph at lines 471--472
[]\OT1/cmr/m/n/12 Superficie del t^^Sermino mu-ni-ci-pal en
 []

[12] [13]
Overfull \hbox (62.66139pt too wide) in paragraph at lines 570--571
[]\OT1/cmr/m/n/12 Prediccion[]Municipio($[]$, Mu-ni-ci-pio, Pro-vin-cia, Prob[]Precipitacion,
 []


Overfull \hbox (4.4736pt too wide) in paragraph at lines 570--571
\OT1/cmr/m/n/12 Es-ta-do[]Cielo, Vien-to[]Dir, Vien-to[]Vel, Ra-cha[]Max, Temp[]Max, Temp[]Min, Sens-Term[]Max,
 []

[14] [15]
Overfull \hbox (0.40918pt too wide) in paragraph at lines 639--640
\OT1/cmr/m/n/12 ta-cion, Temp[]Min, Ho-ra[]Temp[]Min, Temp[]Max, Ho-ra[]Temp[]Max, Dir[]Viento, Vel[]Media,
 []

[16] [17]
Overfull \hbox (44.65373pt too wide) in paragraph at lines 719--720
[]\OT1/cmr/m/n/12 Prediccion[]Eltiempo($[]$, Ca-li-dad[]Aire, Temp[]Min[]Media, Temp[]Max[]Media, Temp[]Media,
 []


Overfull \hbox (27.65689pt too wide) in paragraph at lines 757--758
[]\OT1/cmr/m/n/12 A con-ti-nua-ci^^Son se uti-li-zar^^Sa la no-ta-ci^^Son M pa-ra el me-di-da-dor (Mu-ni-ci-pio, Pre-dic-cion[]UV[]Ciudad,
 []

[18]
LaTeX Font Info:    External font `cmex10' loaded for size
(Font)              <7> on input line 772.
LaTeX Font Info:    External font `cmex10' loaded for size
(Font)              <5> on input line 772.
LaTeX Font Info:    External font `cmex10' loaded for size
(Font)              <10.95> on input line 775.
 [19]
Overfull \hbox (6.51534pt too wide) in paragraph at lines 793--795
\OT1/cmr/bx/n/12 Predicci^^Son[]Eltiempo($[]$, ca-li-dad[]aire, tem-pe-ra-tu-ra[]minima[]media, tem-
 []


Overfull \hbox (47.4448pt too wide) in paragraph at lines 793--795
\OT1/cmr/bx/n/12 pe-ra-tu-ra[]maxima[]media, tem-pe-ra-tu-ra[]media, pre-dic-cion[]minima, pre-dic-cion[]maxima) 
 []

[20]
Overfull \hbox (12.30846pt too wide) in paragraph at lines 848--850
[]\OT1/cmr/m/n/12 La fuen-te de da-tos tie-ne la si-guien-te es-truc-tu-ra: \OT1/cmr/bx/n/12 Municipio($[]$,
 []


Overfull \hbox (69.97377pt too wide) in paragraph at lines 848--850
\OT1/cmr/bx/n/12 Cod[]Prov, Pro-vin-cia, Nom-bre[]Actual, Po-bla-cion, Su-per-fi-cie, Pe-ri-me-tro, Cod[]INE[]Capital,
 []


Overfull \hbox (61.44736pt too wide) in paragraph at lines 857--859
[]\OT1/cmr/m/n/12 La fuen-te de da-tos tie-ne la si-guien-te es-truc-tu-ra: \OT1/cmr/bx/n/12 Pre-dic-cion[]UVI($[]$,
 []

[21]
Overfull \hbox (133.33736pt too wide) in paragraph at lines 866--868
[]\OT1/cmr/m/n/12 La fuen-te de da-tos tie-ne la si-guien-te es-truc-tu-ra: \OT1/cmr/bx/n/12 Pre-dic-cion[]Municipio($[]$,
 []


Overfull \hbox (10.9515pt too wide) in paragraph at lines 866--868
\OT1/cmr/bx/n/12 Mu-ni-ci-pio, Pro-vin-cia, Prob[]Precipitacion, Es-ta-do[]Cielo, Vien-to[]Dir, Vien-to[]Vel,
 []


Overfull \hbox (8.97038pt too wide) in paragraph at lines 875--877
[]\OT1/cmr/m/n/12 La fuen-te de da-tos tie-ne la si-guien-te es-truc-tu-ra: \OT1/cmr/bx/n/12 Cli-ma-to-lo-gia[]Diaria($[]$,
 []


Overfull \hbox (46.29315pt too wide) in paragraph at lines 875--877
\OT1/cmr/bx/n/12 Nom-bre, Pro-vin-cia, Al-ti-tud, Temp[]Media, Pre-ci-pi-ta-cion, Temp[]Min, Ho-ra[]Temp[]Min,
 []


Overfull \hbox (8.10237pt too wide) in paragraph at lines 875--877
\OT1/cmr/bx/n/12 Temp[]Max, Ho-ra[]Temp[]Max, Dir[]Viento, Vel[]Media, Ra-cha[]Max, Ho-ra[]Racha,
 []

[22] [23] (main.aux
LaTeX Info: Redefining \. on input line 11.
LaTeX Info: Redefining \% on input line 11.
)
 ***********
LaTeX2e <2025-11-01>
L3 programming layer <2026-01-19>
 ***********
Package rerunfilecheck Info: File `main.out' has not changed.
(rerunfilecheck)             Checksum: 418B93D01E9B68B6B0F90D3720CC7101;6939.
 ) 
Here is how much of TeX's memory you used:
 13456 strings out of 467867
 208184 string characters out of 5418334
 1057945 words of memory out of 5000000
 42051 multiletter control sequences out of 15000+600000
 635164 words of font info for 65 fonts, out of 8000000 for 9000
 1141 hyphenation exceptions out of 8191
 75i,9n,79p,826b,1984s stack positions out of 10000i,1000n,20000p,200000b,200000s
 <C:\Users\julio\AppData\Local\MiKTeX\fonts/pk/ljfour/jknappen/ec/dpi600\tcrm1200.pk><C:/Users/julio/AppData/Local/Programs/MiKTeX/fonts/type1/public/amsfonts/cm/cmbx12.pfb><C:/Users/julio/AppData/Local/Programs/MiKTeX/fonts/type1/public/amsfonts/cm/cmr10.pfb><C:/Users/julio/AppData/Local/Programs/MiKTeX/fonts/type1/public/amsfonts/cm/cmr12.pfb><C:/Users/julio/AppData/Local/Programs/MiKTeX/fonts/type1/public/amsfonts/cm/cmr7.pfb><C:/Users/julio/AppData/Local/Programs/MiKTeX/fonts/type1/public/amsfonts/cm/cmr8.pfb><C:/Users/julio/AppData/Local/Programs/MiKTeX/fonts/type1/public/amsfonts/cm/cmsy10.pfb><C:/Users/julio/AppData/Local/Programs/MiKTeX/fonts/type1/public/amsfonts/cm/cmti12.pfb><C:/Users/julio/AppData/Local/Programs/MiKTeX/fonts/type1/public/amsfonts/cm/cmtt10.pfb>
Output written on main.pdf (24 pages, 280173 bytes).
PDF statistics:
 460 PDF objects out of 1000 (max. 8388607)
 157 named destinations out of 1000 (max. 500000)
 278 words of extra memory for PDF output out of 10000 (max. 10000000)

